2025-07-11 17:34:55,311 - data - INFO - read detial:eeee information from detialtables


2025-07-11 17:37:34,806 - data - INFO - read detial:eeee information from detialindex


2025-07-11 17:38:13,558 - data - INFO - read detial:eeee information from detialindex


2025-07-11 17:39:00,140 - data - INFO - read detial:eeee information from detialindex


2025-07-11 17:45:56,580 - data - INFO - read detial:eeee information from detialindex


2025-07-11 17:47:03,489 - data - INFO - read detial:eeee information from detialindex


2025-07-11 17:47:25,607 - data - INFO - read detial:eeee information from detialindex


2025-07-11 17:47:39,168 - data - INFO - read detial:eeee information from detialindex


2025-07-11 17:48:50,306 - data - INFO - read detial:eeee information from detialindex


2025-07-11 17:51:23,716 - data - INFO - read detial:eeee information from detialindex


2025-07-11 17:51:23,722 - data - INFO - update detial:eeee data from detialindex


2025-07-11 17:51:46,750 - data - INFO - read detial:eeee information from detialindex


2025-07-11 17:53:18,863 - data - INFO - read detial:eeee information from detialindex


2025-07-11 17:55:30,355 - data - INFO - read detial:eeee information from detialindex


2025-07-11 17:56:30,220 - data - INFO - read detial:eeee information from detialindex


2025-07-11 18:01:50,679 - data - INFO - read detial:eeee information from detialindex


2025-07-11 18:01:50,685 - data - INFO - update detial:eeee data from detialindex


2025-07-11 18:04:33,887 - data - INFO - read detial:eeee information from detialindex


2025-07-11 18:04:52,268 - data - INFO - read detial:eeee information from detialindex


2025-07-11 18:04:52,270 - data - INFO - update detial:eeee data from detialindex


2025-07-11 18:05:14,476 - data - INFO - read detial:eeee information from detialindex


2025-07-11 18:05:14,478 - data - INFO - update detial:eeee data from detialindex


2025-07-11 18:05:21,546 - data - INFO - read detial:eeee information from detialindex


2025-07-11 18:05:21,548 - data - INFO - update detial:eeee data from detialindex


2025-07-11 18:05:24,135 - data - INFO - read detial:eeee information from detialindex


2025-07-11 18:05:24,136 - data - INFO - update detial:eeee data from detialindex


2025-07-11 18:05:25,379 - data - INFO - read detial:eeee information from detialindex


2025-07-11 18:05:25,380 - data - INFO - update detial:eeee data from detialindex


2025-07-11 18:05:26,187 - data - INFO - read detial:eeee information from detialindex


2025-07-11 18:05:26,188 - data - INFO - update detial:eeee data from detialindex


2025-07-11 18:05:26,849 - data - INFO - read detial:eeee information from detialindex


2025-07-11 18:05:26,850 - data - INFO - update detial:eeee data from detialindex


2025-07-11 18:05:27,595 - data - INFO - read detial:eeee information from detialindex


2025-07-11 18:05:27,596 - data - INFO - update detial:eeee data from detialindex


2025-07-11 18:05:28,223 - data - INFO - read detial:eeee information from detialindex


2025-07-11 18:05:28,224 - data - INFO - update detial:eeee data from detialindex


2025-07-11 18:05:33,229 - data - INFO - read detial:eeee information from detialindex


2025-07-11 18:05:33,230 - data - INFO - update detial:eeee data from detialindex


2025-07-11 18:05:34,447 - data - INFO - read detial:eeee information from detialindex


2025-07-11 18:05:34,448 - data - INFO - update detial:eeee data from detialindex


2025-07-11 18:05:35,157 - data - INFO - read detial:eeee information from detialindex


2025-07-11 18:05:35,159 - data - INFO - update detial:eeee data from detialindex


2025-07-11 18:05:35,662 - data - INFO - read detial:eeee information from detialindex


2025-07-11 18:05:35,662 - data - INFO - update detial:eeee data from detialindex


2025-07-11 18:05:36,068 - data - INFO - read detial:eeee information from detialindex


2025-07-11 18:05:36,068 - data - INFO - update detial:eeee data from detialindex


2025-07-11 18:05:36,771 - data - INFO - read detial:eeee information from detialindex


2025-07-11 18:05:36,772 - data - INFO - update detial:eeee data from detialindex


2025-07-11 18:05:37,295 - data - INFO - read detial:eeee information from detialindex


2025-07-11 18:05:37,296 - data - INFO - update detial:eeee data from detialindex


2025-07-11 18:05:37,795 - data - INFO - read detial:eeee information from detialindex


2025-07-11 18:05:37,796 - data - INFO - update detial:eeee data from detialindex


2025-07-11 18:05:38,280 - data - INFO - read detial:eeee information from detialindex


2025-07-11 18:05:38,281 - data - INFO - update detial:eeee data from detialindex


2025-07-11 18:06:26,900 - data - INFO - read detial:eeee information from detialindex


2025-07-11 18:06:26,903 - data - INFO - update detial:eeee data from detialindex


2025-07-11 18:07:05,182 - data - INFO - read detial:eeee information from detialindex


2025-07-11 18:07:05,184 - data - INFO - update detial:eeee data from detialindex


2025-07-11 18:07:19,690 - data - INFO - read detial:eeee information from detialindex


2025-07-11 18:07:19,691 - data - INFO - update detial:eeee data from detialindex


2025-07-11 18:07:43,354 - data - INFO - read detial:eeee information from detialindex


2025-07-11 18:07:43,357 - data - INFO - update detial:eeee data from detialindex


2025-07-11 18:08:29,505 - data - INFO - read detial:eeee information from detialindex


2025-07-11 18:08:29,508 - data - INFO - update detial:eeee data from detialindex


2025-07-11 18:09:00,499 - data - INFO - read detial:eeee information from detialindex


2025-07-11 18:09:00,501 - data - INFO - update detial:eeee data from detialindex


2025-07-11 18:09:18,461 - data - INFO - read detial:eeee information from detialindex


2025-07-11 18:09:18,467 - data - INFO - update detial:eeee data from detialindex


2025-07-11 18:09:18,468 - data - INFO - update detial:eeee data from detialindex


2025-07-11 18:09:21,827 - data - INFO - read detial:eeee information from detialindex


2025-07-11 18:09:21,828 - data - INFO - update detial:eeee data from detialindex


2025-07-11 18:09:24,770 - data - INFO - read detial:eeee information from detialindex


2025-07-11 18:09:24,771 - data - INFO - update detial:eeee data from detialindex


2025-07-11 18:09:43,767 - data - INFO - read detial:eeee information from detialindex


2025-07-11 18:09:43,771 - data - INFO - update detial:eeee data from detialindex


2025-07-11 18:09:43,772 - data - INFO - update detial:eeee data from detialindex


2025-07-11 18:09:53,488 - data - INFO - read detial:eeee information from detialindex


2025-07-11 18:09:53,489 - data - INFO - update detial:eeee data from detialindex


2025-07-11 18:10:26,848 - data - INFO - read detial:eeee information from detialindex


2025-07-11 18:10:26,855 - data - INFO - update detial:eeee data from detialindex


2025-07-11 18:10:26,856 - data - INFO - update detial:eeee data from detialindex


2025-07-11 18:10:29,855 - data - INFO - read detial:eeee information from detialindex


2025-07-11 18:10:29,856 - data - INFO - update detial:eeee data from detialindex


2025-07-11 18:10:53,293 - data - INFO - read detial:eeee information from detialindex


2025-07-11 18:10:53,296 - data - INFO - update detial:eeee data from detialindex


2025-07-11 18:11:36,815 - data - INFO - read detial:eeee information from detialindex


2025-07-11 18:11:36,818 - data - INFO - update detial:eeee data from detialindex


2025-07-11 18:11:40,032 - data - INFO - read detial:eeee information from detialindex


2025-07-11 18:11:40,033 - data - INFO - update detial:eeee data from detialindex


2025-07-11 18:11:42,975 - data - INFO - read detial:eeee information from detialindex


2025-07-11 18:11:42,976 - data - INFO - update detial:eeee data from detialindex


2025-07-11 18:13:38,298 - data - INFO - read detial:eeee information from detialindex


2025-07-11 18:13:38,300 - data - INFO - update detial:eeee data from detialindex


2025-07-11 18:13:40,111 - data - INFO - read detial:eeee information from detialindex


2025-07-11 18:13:40,112 - data - INFO - update detial:eeee data from detialindex


2025-07-11 18:13:41,232 - data - INFO - read detial:eeee information from detialindex


2025-07-11 18:13:41,233 - data - INFO - update detial:eeee data from detialindex


2025-07-11 18:13:41,822 - data - INFO - read detial:eeee information from detialindex


2025-07-11 18:13:41,823 - data - INFO - update detial:eeee data from detialindex


2025-07-11 18:13:42,315 - data - INFO - read detial:eeee information from detialindex


2025-07-11 18:13:42,316 - data - INFO - update detial:eeee data from detialindex


2025-07-11 18:13:42,926 - data - INFO - read detial:eeee information from detialindex


2025-07-11 18:13:42,927 - data - INFO - update detial:eeee data from detialindex


2025-07-11 18:13:43,421 - data - INFO - read detial:eeee information from detialindex


2025-07-11 18:13:43,422 - data - INFO - update detial:eeee data from detialindex


2025-07-11 18:13:44,387 - data - INFO - read detial:eeee information from detialindex


2025-07-11 18:13:44,388 - data - INFO - update detial:eeee data from detialindex


2025-07-11 18:13:45,988 - data - INFO - read detial:eeee information from detialindex


2025-07-11 18:13:45,989 - data - INFO - update detial:eeee data from detialindex


2025-07-11 18:13:46,275 - data - INFO - read detial:eeee information from detialindex


2025-07-11 18:13:46,277 - data - INFO - update detial:eeee data from detialindex


2025-07-11 18:13:46,489 - data - INFO - read detial:eeee information from detialindex


2025-07-11 18:13:46,491 - data - INFO - update detial:eeee data from detialindex


2025-07-11 18:13:46,669 - data - INFO - read detial:eeee information from detialindex


2025-07-11 18:13:46,670 - data - INFO - update detial:eeee data from detialindex


2025-07-11 18:13:46,818 - data - INFO - read detial:eeee information from detialindex


2025-07-11 18:13:46,819 - data - INFO - update detial:eeee data from detialindex


2025-07-11 18:13:46,976 - data - INFO - read detial:eeee information from detialindex


2025-07-11 18:13:46,977 - data - INFO - update detial:eeee data from detialindex


2025-07-11 18:13:47,133 - data - INFO - read detial:eeee information from detialindex


2025-07-11 18:13:47,134 - data - INFO - update detial:eeee data from detialindex


2025-07-11 18:13:47,291 - data - INFO - read detial:eeee information from detialindex


2025-07-11 18:13:47,292 - data - INFO - update detial:eeee data from detialindex


2025-07-11 18:13:47,448 - data - INFO - read detial:eeee information from detialindex


2025-07-11 18:13:47,450 - data - INFO - update detial:eeee data from detialindex


2025-07-11 18:13:47,613 - data - INFO - read detial:eeee information from detialindex


2025-07-11 18:13:47,614 - data - INFO - update detial:eeee data from detialindex


2025-07-11 18:13:47,785 - data - INFO - read detial:eeee information from detialindex


2025-07-11 18:13:47,787 - data - INFO - update detial:eeee data from detialindex


2025-07-11 18:13:47,950 - data - INFO - read detial:eeee information from detialindex


2025-07-11 18:13:47,952 - data - INFO - update detial:eeee data from detialindex


2025-07-11 18:14:35,212 - data - INFO - read detial:eeee information from detialindex


2025-07-11 18:14:35,214 - data - INFO - update detial:eeee data from detialindex


2025-07-11 18:14:38,197 - data - INFO - read detial:eeee information from detialindex


2025-07-11 18:14:38,198 - data - INFO - update detial:eeee data from detialindex


2025-07-11 18:14:47,177 - data - INFO - read detial:eded information from detialindex


2025-07-11 18:14:47,192 - data - INFO - update detial:eded data from detialindex


2025-07-11 18:14:47,193 - data - INFO - update detial:eded data from detialindex


2025-07-11 18:14:54,544 - data - INFO - read detial:eded information from detialindex


2025-07-11 18:14:54,546 - data - INFO - update detial:eded data from detialindex


2025-07-11 18:15:04,630 - data - INFO - read detial:eded information from detialindex


2025-07-11 18:15:04,631 - data - INFO - update detial:eded data from detialindex


2025-07-11 18:15:07,110 - data - INFO - read detial:eded information from detialindex


2025-07-11 18:15:07,112 - data - INFO - update detial:eded data from detialindex


2025-07-11 18:15:08,049 - data - INFO - read detial:eded information from detialindex


2025-07-11 18:15:08,049 - data - INFO - update detial:eded data from detialindex


2025-07-11 18:15:08,575 - data - INFO - read detial:eded information from detialindex


2025-07-11 18:15:08,576 - data - INFO - update detial:eded data from detialindex


2025-07-11 18:15:08,999 - data - INFO - read detial:eded information from detialindex


2025-07-11 18:15:09,001 - data - INFO - update detial:eded data from detialindex


2025-07-11 18:15:09,433 - data - INFO - read detial:eded information from detialindex


2025-07-11 18:15:09,434 - data - INFO - update detial:eded data from detialindex


2025-07-11 18:15:14,520 - data - INFO - read detial:eded information from detialindex


2025-07-11 18:15:14,522 - data - INFO - update detial:eded data from detialindex


2025-07-11 18:15:20,639 - data - INFO - read detial:eded information from detialindex


2025-07-11 18:15:20,641 - data - INFO - update detial:eded data from detialindex


2025-07-11 18:16:11,104 - data - INFO - read detial:eded information from detialindex


2025-07-11 18:16:11,107 - data - INFO - update detial:eded data from detialindex


2025-07-11 18:16:22,485 - data - INFO - read detial:eded information from detialindex


2025-07-11 18:16:22,487 - data - INFO - update detial:eded data from detialindex


2025-07-11 18:16:23,311 - data - INFO - read detial:eded information from detialindex


2025-07-11 18:16:23,313 - data - INFO - update detial:eded data from detialindex


2025-07-11 18:16:23,836 - data - INFO - read detial:eded information from detialindex


2025-07-11 18:16:23,839 - data - INFO - update detial:eded data from detialindex


2025-07-11 20:15:54,102 - data - INFO - read detial:eded information from detialindex


2025-07-11 20:16:02,618 - data - INFO - update detial:eded data from detialindex


2025-07-11 20:16:10,398 - data - INFO - detialindex
{'views': {'126': 2, '126222': 6, '126636': 7}, 'count': 15} eded

2025-07-11 20:18:17,800 - data - INFO - read detial:eded information from detialindex


2025-07-11 20:18:22,254 - data - INFO - update detial:eded data from detialindex


2025-07-11 20:18:56,631 - data - INFO - detialindex
{'views': {'126': 2, '126222': 6, '126636': 8}, 'count': 16} eded

2025-07-11 20:19:50,464 - data - INFO - read detial:eded information from detialindex


2025-07-11 20:19:51,911 - data - INFO - update detial:eded data from detialindex


2025-07-11 20:19:51,915 - data - INFO - detialindex
{'views': {'126': 2, '126222': 6, '126636': 9}, 'count': 17} eded

2025-07-11 20:20:43,914 - data - INFO - read detial:eded information from detialindex


2025-07-11 20:20:49,558 - data - INFO - update detial:eded data from detialindex


2025-07-11 20:20:49,560 - data - INFO - detialindex
{'views': {'126': 2, '126222': 6, '126636': 10}, 'count': 18} eded

2025-07-11 20:26:37,050 - data - INFO - read detial:eded information from detialindex


2025-07-11 20:26:37,053 - data - INFO - update detial:eded data from detialindex


2025-07-11 20:26:37,054 - data - INFO - detialindex
{'views': {'126': 2, '126222': 6, '126636': 11}, 'count': 19} eded

2025-07-11 20:29:23,529 - data - INFO - read detial:eded information from detialindex


2025-07-11 20:29:23,534 - data - INFO - update detial:eded data from detialindex


2025-07-11 20:29:23,535 - data - INFO - detialindex
{'views': {'126': 2, '126222': 6, '126636': 12}, 'count': 20} eded

2025-07-11 20:33:52,812 - data - INFO - read detial:eded information from detialindex


2025-07-11 20:33:52,819 - data - INFO - update detial:eded data from detialindex


2025-07-11 20:33:52,820 - data - INFO - detialindex
{'views': {'126': 2, '126222': 6, '126636': 13}, 'count': 21} eded

2025-07-11 20:36:09,705 - data - INFO - read detial:eded information from detialindex


2025-07-11 20:36:09,713 - data - INFO - update detial:eded data from detialindex


2025-07-11 20:36:09,714 - data - INFO - detialindex
{'views': {'126': 2, '126222': 6, '126636': 14}, 'count': 22} eded

2025-07-11 20:37:22,164 - data - INFO - read detial:eeee information from detialindex


2025-07-11 20:37:22,167 - data - INFO - update detial:eeee data from detialindex


2025-07-11 20:37:22,168 - data - INFO - detialindex
{'views': {'126': 23, '126636': 1}, 'count': 3} eeee

2025-07-11 20:38:01,872 - data - INFO - read detial:eeee information from detialindex


2025-07-11 20:38:01,875 - data - INFO - update detial:eeee data from detialindex


2025-07-11 20:38:01,876 - data - INFO - detialindex
{'views': {'126': 23, '126636': 2}, 'count': 4} eeee

